http://filepi.com/i/Eeb0E6M2015/06/10 15:33:45 [error] [exception.CHttpException.403] exception 'CHttpException' with message 'You are not authorized to perform this action.' in C:\wamp\www\yii\framework\web\auth\CAccessControlFilter.php:182
Stack trace:
#0 C:\wamp\www\yii\framework\web\auth\CAccessControlFilter.php(145): CAccessControlFilter->accessDenied(Object(CWebUser), 'You are not aut...')
#1 C:\wamp\www\yii\framework\web\filters\CFilter.php(38): CAccessControlFilter->preFilter(Object(CFilterChain))
#2 C:\wamp\www\yii\framework\web\CController.php(1145): CFilter->filter(Object(CFilterChain))
#3 C:\wamp\www\yii\framework\web\filters\CInlineFilter.php(58): CController->filterAccessControl(Object(CFilterChain))
#4 C:\wamp\www\yii\framework\web\filters\CFilterChain.php(130): CInlineFilter->filter(Object(CFilterChain))
#5 C:\wamp\www\yii\framework\web\CController.php(291): CFilterChain->run()
#6 C:\wamp\www\yii\framework\web\CController.php(265): CController->runActionWithFilters(Object(CInlineAction), Array)
#7 C:\wamp\www\yii\framework\web\CWebApplication.php(282): CController->run('admin')
#8 C:\wamp\www\yii\framework\web\CWebApplication.php(141): CWebApplication->runController('greenguys/admin')
#9 C:\wamp\www\yii\framework\base\CApplication.php(184): CWebApplication->processRequest()
#10 C:\wamp\www\qa_survey\index.php(13): CApplication->run()
#11 {main}
REQUEST_URI=/qa_survey/index.php/greenguys/admin
HTTP_REFERER=http://localhost/qa_survey/index.php/greenguys/create
---
2015/06/10 15:43:32 [error] [exception.CException] exception 'CException' with message 'Property "Greenguys.ID" is not defined.' in C:\wamp\www\yii\framework\base\CComponent.php:130
Stack trace:
#0 C:\wamp\www\yii\framework\db\ar\CActiveRecord.php(145): CComponent->__get('ID')
#1 C:\wamp\www\qa_survey\protected\views\greenguys\_view.php(37): CActiveRecord->__get('ID')
#2 C:\wamp\www\yii\framework\web\CBaseController.php(130): require('C:\\wamp\\www\\qa_...')
#3 C:\wamp\www\yii\framework\web\CBaseController.php(95): CBaseController->renderInternal('C:\\wamp\\www\\qa_...', Array, false)
#4 C:\wamp\www\yii\framework\zii\widgets\CListView.php(291): CBaseController->renderFile('C:\\wamp\\www\\qa_...', Array)
#5 C:\wamp\www\yii\framework\zii\widgets\CBaseListView.php(181): CListView->renderItems()
#6 [internal function]: CBaseListView->renderSection(Array)
#7 C:\wamp\www\yii\framework\zii\widgets\CBaseListView.php(164): preg_replace_callback('/{(\\w+)}/', Array, '{summary}\n{sort...')
#8 C:\wamp\www\yii\framework\zii\widgets\CBaseListView.php(149): CBaseListView->renderContent()
#9 C:\wamp\www\yii\framework\web\CBaseController.php(181): CBaseListView->run()
#10 C:\wamp\www\qa_survey\protected\views\greenguys\index.php(20): CBaseController->widget('zii.widgets.CLi...', Array)
#11 C:\wamp\www\yii\framework\web\CBaseController.php(126): require('C:\\wamp\\www\\qa_...')
#12 C:\wamp\www\yii\framework\web\CBaseController.php(95): CBaseController->renderInternal('C:\\wamp\\www\\qa_...', Array, true)
#13 C:\wamp\www\yii\framework\web\CController.php(869): CBaseController->renderFile('C:\\wamp\\www\\qa_...', Array, true)
#14 C:\wamp\www\yii\framework\web\CController.php(782): CController->renderPartial('index', Array, true)
#15 C:\wamp\www\qa_survey\protected\controllers\GreenguysController.php(128): CController->render('index', Array)
#16 C:\wamp\www\yii\framework\web\actions\CInlineAction.php(49): GreenguysController->actionIndex()
#17 C:\wamp\www\yii\framework\web\CController.php(308): CInlineAction->runWithParams(Array)
#18 C:\wamp\www\yii\framework\web\filters\CFilterChain.php(133): CController->runAction(Object(CInlineAction))
#19 C:\wamp\www\yii\framework\web\filters\CFilter.php(40): CFilterChain->run()
#20 C:\wamp\www\yii\framework\web\CController.php(1145): CFilter->filter(Object(CFilterChain))
#21 C:\wamp\www\yii\framework\web\filters\CInlineFilter.php(58): CController->filterAccessControl(Object(CFilterChain))
#22 C:\wamp\www\yii\framework\web\filters\CFilterChain.php(130): CInlineFilter->filter(Object(CFilterChain))
#23 C:\wamp\www\yii\framework\web\CController.php(291): CFilterChain->run()
#24 C:\wamp\www\yii\framework\web\CController.php(265): CController->runActionWithFilters(Object(CInlineAction), Array)
#25 C:\wamp\www\yii\framework\web\CWebApplication.php(282): CController->run('index')
#26 C:\wamp\www\yii\framework\web\CWebApplication.php(141): CWebApplication->runController('greenguys/index')
#27 C:\wamp\www\yii\framework\base\CApplication.php(184): CWebApplication->processRequest()
#28 C:\wamp\www\qa_survey\index.php(13): CApplication->run()
#29 {main}
REQUEST_URI=/qa_survey/index.php/greenguys/index
HTTP_REFERER=http://localhost/qa_survey/index.php/greenguys/create
---
2015/06/10 15:45:14 [error] [exception.CException] exception 'CException' with message 'Property "Greenguys.ID" is not defined.' in C:\wamp\www\yii\framework\base\CComponent.php:130
Stack trace:
#0 C:\wamp\www\yii\framework\db\ar\CActiveRecord.php(145): CComponent->__get('ID')
#1 C:\wamp\www\qa_survey\protected\views\greenguys\_view.php(41): CActiveRecord->__get('ID')
#2 C:\wamp\www\yii\framework\web\CBaseController.php(130): require('C:\\wamp\\www\\qa_...')
#3 C:\wamp\www\yii\framework\web\CBaseController.php(95): CBaseController->renderInternal('C:\\wamp\\www\\qa_...', Array, false)
#4 C:\wamp\www\yii\framework\zii\widgets\CListView.php(291): CBaseController->renderFile('C:\\wamp\\www\\qa_...', Array)
#5 C:\wamp\www\yii\framework\zii\widgets\CBaseListView.php(181): CListView->renderItems()
#6 [internal function]: CBaseListView->renderSection(Array)
#7 C:\wamp\www\yii\framework\zii\widgets\CBaseListView.php(164): preg_replace_callback('/{(\\w+)}/', Array, '{summary}\n{sort...')
#8 C:\wamp\www\yii\framework\zii\widgets\CBaseListView.php(149): CBaseListView->renderContent()
#9 C:\wamp\www\yii\framework\web\CBaseController.php(181): CBaseListView->run()
#10 C:\wamp\www\qa_survey\protected\views\greenguys\index.php(20): CBaseController->widget('zii.widgets.CLi...', Array)
#11 C:\wamp\www\yii\framework\web\CBaseController.php(126): require('C:\\wamp\\www\\qa_...')
#12 C:\wamp\www\yii\framework\web\CBaseController.php(95): CBaseController->renderInternal('C:\\wamp\\www\\qa_...', Array, true)
#13 C:\wamp\www\yii\framework\web\CController.php(869): CBaseController->renderFile('C:\\wamp\\www\\qa_...', Array, true)
#14 C:\wamp\www\yii\framework\web\CController.php(782): CController->renderPartial('index', Array, true)
#15 C:\wamp\www\qa_survey\protected\controllers\GreenguysController.php(128): CController->render('index', Array)
#16 C:\wamp\www\yii\framework\web\actions\CInlineAction.php(49): GreenguysController->actionIndex()
#17 C:\wamp\www\yii\framework\web\CController.php(308): CInlineAction->runWithParams(Array)
#18 C:\wamp\www\yii\framework\web\filters\CFilterChain.php(133): CController->runAction(Object(CInlineAction))
#19 C:\wamp\www\yii\framework\web\filters\CFilter.php(40): CFilterChain->run()
#20 C:\wamp\www\yii\framework\web\CController.php(1145): CFilter->filter(Object(CFilterChain))
#21 C:\wamp\www\yii\framework\web\filters\CInlineFilter.php(58): CController->filterAccessControl(Object(CFilterChain))
#22 C:\wamp\www\yii\framework\web\filters\CFilterChain.php(130): CInlineFilter->filter(Object(CFilterChain))
#23 C:\wamp\www\yii\framework\web\CController.php(291): CFilterChain->run()
#24 C:\wamp\www\yii\framework\web\CController.php(265): CController->runActionWithFilters(Object(CInlineAction), Array)
#25 C:\wamp\www\yii\framework\web\CWebApplication.php(282): CController->run('index')
#26 C:\wamp\www\yii\framework\web\CWebApplication.php(141): CWebApplication->runController('greenguys/index')
#27 C:\wamp\www\yii\framework\base\CApplication.php(184): CWebApplication->processRequest()
#28 C:\wamp\www\qa_survey\index.php(13): CApplication->run()
#29 {main}
REQUEST_URI=/qa_survey/index.php/greenguys/index
HTTP_REFERER=http://localhost/qa_survey/index.php/greenguys/create
---
2015/06/10 15:46:35 [error] [exception.CHttpException.403] exception 'CHttpException' with message 'You are not authorized to perform this action.' in C:\wamp\www\yii\framework\web\auth\CAccessControlFilter.php:182
Stack trace:
#0 C:\wamp\www\yii\framework\web\auth\CAccessControlFilter.php(145): CAccessControlFilter->accessDenied(Object(CWebUser), 'You are not aut...')
#1 C:\wamp\www\yii\framework\web\filters\CFilter.php(38): CAccessControlFilter->preFilter(Object(CFilterChain))
#2 C:\wamp\www\yii\framework\web\CController.php(1145): CFilter->filter(Object(CFilterChain))
#3 C:\wamp\www\yii\framework\web\filters\CInlineFilter.php(58): CController->filterAccessControl(Object(CFilterChain))
#4 C:\wamp\www\yii\framework\web\filters\CFilterChain.php(130): CInlineFilter->filter(Object(CFilterChain))
#5 C:\wamp\www\yii\framework\web\CController.php(291): CFilterChain->run()
#6 C:\wamp\www\yii\framework\web\CController.php(265): CController->runActionWithFilters(Object(CInlineAction), Array)
#7 C:\wamp\www\yii\framework\web\CWebApplication.php(282): CController->run('ExportData')
#8 C:\wamp\www\yii\framework\web\CWebApplication.php(141): CWebApplication->runController('greenguys/Expor...')
#9 C:\wamp\www\yii\framework\base\CApplication.php(184): CWebApplication->processRequest()
#10 C:\wamp\www\qa_survey\index.php(13): CApplication->run()
#11 {main}
REQUEST_URI=/qa_survey/index.php/greenguys/ExportData/1
HTTP_REFERER=http://localhost/qa_survey/index.php/greenguys/index
---
2015/06/10 15:46:40 [error] [exception.CHttpException.403] exception 'CHttpException' with message 'You are not authorized to perform this action.' in C:\wamp\www\yii\framework\web\auth\CAccessControlFilter.php:182
Stack trace:
#0 C:\wamp\www\yii\framework\web\auth\CAccessControlFilter.php(145): CAccessControlFilter->accessDenied(Object(CWebUser), 'You are not aut...')
#1 C:\wamp\www\yii\framework\web\filters\CFilter.php(38): CAccessControlFilter->preFilter(Object(CFilterChain))
#2 C:\wamp\www\yii\framework\web\CController.php(1145): CFilter->filter(Object(CFilterChain))
#3 C:\wamp\www\yii\framework\web\filters\CInlineFilter.php(58): CController->filterAccessControl(Object(CFilterChain))
#4 C:\wamp\www\yii\framework\web\filters\CFilterChain.php(130): CInlineFilter->filter(Object(CFilterChain))
#5 C:\wamp\www\yii\framework\web\CController.php(291): CFilterChain->run()
#6 C:\wamp\www\yii\framework\web\CController.php(265): CController->runActionWithFilters(Object(CInlineAction), Array)
#7 C:\wamp\www\yii\framework\web\CWebApplication.php(282): CController->run('ExportData')
#8 C:\wamp\www\yii\framework\web\CWebApplication.php(141): CWebApplication->runController('greenguys/Expor...')
#9 C:\wamp\www\yii\framework\base\CApplication.php(184): CWebApplication->processRequest()
#10 C:\wamp\www\qa_survey\index.php(13): CApplication->run()
#11 {main}
REQUEST_URI=/qa_survey/index.php/greenguys/ExportData/1
HTTP_REFERER=http://localhost/qa_survey/index.php/greenguys/index
---
2015/06/10 16:57:25 [error] [exception.CHttpException.403] exception 'CHttpException' with message 'You are not authorized to perform this action.' in C:\wamp\www\yii\framework\web\auth\CAccessControlFilter.php:182
Stack trace:
#0 C:\wamp\www\yii\framework\web\auth\CAccessControlFilter.php(145): CAccessControlFilter->accessDenied(Object(CWebUser), 'You are not aut...')
#1 C:\wamp\www\yii\framework\web\filters\CFilter.php(38): CAccessControlFilter->preFilter(Object(CFilterChain))
#2 C:\wamp\www\yii\framework\web\CController.php(1145): CFilter->filter(Object(CFilterChain))
#3 C:\wamp\www\yii\framework\web\filters\CInlineFilter.php(58): CController->filterAccessControl(Object(CFilterChain))
#4 C:\wamp\www\yii\framework\web\filters\CFilterChain.php(130): CInlineFilter->filter(Object(CFilterChain))
#5 C:\wamp\www\yii\framework\web\CController.php(291): CFilterChain->run()
#6 C:\wamp\www\yii\framework\web\CController.php(265): CController->runActionWithFilters(Object(CInlineAction), Array)
#7 C:\wamp\www\yii\framework\web\CWebApplication.php(282): CController->run('admin')
#8 C:\wamp\www\yii\framework\web\CWebApplication.php(141): CWebApplication->runController('ukraffles/admin')
#9 C:\wamp\www\yii\framework\base\CApplication.php(184): CWebApplication->processRequest()
#10 C:\wamp\www\qa_survey\index.php(13): CApplication->run()
#11 {main}
REQUEST_URI=/qa_survey/index.php/ukraffles/admin
HTTP_REFERER=http://localhost/qa_survey/index.php/ukraffles/create
---
2015/06/10 16:57:39 [error] [exception.CHttpException.403] exception 'CHttpException' with message 'You are not authorized to perform this action.' in C:\wamp\www\yii\framework\web\auth\CAccessControlFilter.php:182
Stack trace:
#0 C:\wamp\www\yii\framework\web\auth\CAccessControlFilter.php(145): CAccessControlFilter->accessDenied(Object(CWebUser), 'You are not aut...')
#1 C:\wamp\www\yii\framework\web\filters\CFilter.php(38): CAccessControlFilter->preFilter(Object(CFilterChain))
#2 C:\wamp\www\yii\framework\web\CController.php(1145): CFilter->filter(Object(CFilterChain))
#3 C:\wamp\www\yii\framework\web\filters\CInlineFilter.php(58): CController->filterAccessControl(Object(CFilterChain))
#4 C:\wamp\www\yii\framework\web\filters\CFilterChain.php(130): CInlineFilter->filter(Object(CFilterChain))
#5 C:\wamp\www\yii\framework\web\CController.php(291): CFilterChain->run()
#6 C:\wamp\www\yii\framework\web\CController.php(265): CController->runActionWithFilters(Object(CInlineAction), Array)
#7 C:\wamp\www\yii\framework\web\CWebApplication.php(282): CController->run('admin')
#8 C:\wamp\www\yii\framework\web\CWebApplication.php(141): CWebApplication->runController('ukraffles/admin')
#9 C:\wamp\www\yii\framework\base\CApplication.php(184): CWebApplication->processRequest()
#10 C:\wamp\www\qa_survey\index.php(13): CApplication->run()
#11 {main}
REQUEST_URI=/qa_survey/index.php/ukraffles/admin
HTTP_REFERER=http://localhost/qa_survey/index.php/ukraffles/create
---
2015/06/10 16:58:22 [error] [exception.CHttpException.403] exception 'CHttpException' with message 'You are not authorized to perform this action.' in C:\wamp\www\yii\framework\web\auth\CAccessControlFilter.php:182
Stack trace:
#0 C:\wamp\www\yii\framework\web\auth\CAccessControlFilter.php(145): CAccessControlFilter->accessDenied(Object(CWebUser), 'You are not aut...')
#1 C:\wamp\www\yii\framework\web\filters\CFilter.php(38): CAccessControlFilter->preFilter(Object(CFilterChain))
#2 C:\wamp\www\yii\framework\web\CController.php(1145): CFilter->filter(Object(CFilterChain))
#3 C:\wamp\www\yii\framework\web\filters\CInlineFilter.php(58): CController->filterAccessControl(Object(CFilterChain))
#4 C:\wamp\www\yii\framework\web\filters\CFilterChain.php(130): CInlineFilter->filter(Object(CFilterChain))
#5 C:\wamp\www\yii\framework\web\CController.php(291): CFilterChain->run()
#6 C:\wamp\www\yii\framework\web\CController.php(265): CController->runActionWithFilters(Object(CInlineAction), Array)
#7 C:\wamp\www\yii\framework\web\CWebApplication.php(282): CController->run('admin')
#8 C:\wamp\www\yii\framework\web\CWebApplication.php(141): CWebApplication->runController('ukraffles/admin')
#9 C:\wamp\www\yii\framework\base\CApplication.php(184): CWebApplication->processRequest()
#10 C:\wamp\www\qa_survey\index.php(13): CApplication->run()
#11 {main}
REQUEST_URI=/qa_survey/index.php/ukraffles/admin
HTTP_REFERER=http://localhost/qa_survey/index.php/ukraffles/create
---
2015/06/10 16:58:28 [error] [exception.CHttpException.403] exception 'CHttpException' with message 'You are not authorized to perform this action.' in C:\wamp\www\yii\framework\web\auth\CAccessControlFilter.php:182
Stack trace:
#0 C:\wamp\www\yii\framework\web\auth\CAccessControlFilter.php(145): CAccessControlFilter->accessDenied(Object(CWebUser), 'You are not aut...')
#1 C:\wamp\www\yii\framework\web\filters\CFilter.php(38): CAccessControlFilter->preFilter(Object(CFilterChain))
#2 C:\wamp\www\yii\framework\web\CController.php(1145): CFilter->filter(Object(CFilterChain))
#3 C:\wamp\www\yii\framework\web\filters\CInlineFilter.php(58): CController->filterAccessControl(Object(CFilterChain))
#4 C:\wamp\www\yii\framework\web\filters\CFilterChain.php(130): CInlineFilter->filter(Object(CFilterChain))
#5 C:\wamp\www\yii\framework\web\CController.php(291): CFilterChain->run()
#6 C:\wamp\www\yii\framework\web\CController.php(265): CController->runActionWithFilters(Object(CInlineAction), Array)
#7 C:\wamp\www\yii\framework\web\CWebApplication.php(282): CController->run('admin')
#8 C:\wamp\www\yii\framework\web\CWebApplication.php(141): CWebApplication->runController('ukraffles/admin')
#9 C:\wamp\www\yii\framework\base\CApplication.php(184): CWebApplication->processRequest()
#10 C:\wamp\www\qa_survey\index.php(13): CApplication->run()
#11 {main}
REQUEST_URI=/qa_survey/index.php/ukraffles/admin
HTTP_REFERER=http://localhost/qa_survey/index.php/ukraffles/index
---
2015/06/18 09:56:06 [error] [exception.CHttpException.403] exception 'CHttpException' with message 'You are not authorized to perform this action.' in C:\wamp\www\yii\framework\web\auth\CAccessControlFilter.php:182
Stack trace:
#0 C:\wamp\www\yii\framework\web\auth\CAccessControlFilter.php(145): CAccessControlFilter->accessDenied(Object(CWebUser), 'You are not aut...')
#1 C:\wamp\www\yii\framework\web\filters\CFilter.php(38): CAccessControlFilter->preFilter(Object(CFilterChain))
#2 C:\wamp\www\yii\framework\web\CController.php(1145): CFilter->filter(Object(CFilterChain))
#3 C:\wamp\www\yii\framework\web\filters\CInlineFilter.php(58): CController->filterAccessControl(Object(CFilterChain))
#4 C:\wamp\www\yii\framework\web\filters\CFilterChain.php(130): CInlineFilter->filter(Object(CFilterChain))
#5 C:\wamp\www\yii\framework\web\CController.php(291): CFilterChain->run()
#6 C:\wamp\www\yii\framework\web\CController.php(265): CController->runActionWithFilters(Object(CInlineAction), Array)
#7 C:\wamp\www\yii\framework\web\CWebApplication.php(282): CController->run('ExportData')
#8 C:\wamp\www\yii\framework\web\CWebApplication.php(141): CWebApplication->runController('ukraffles/Expor...')
#9 C:\wamp\www\yii\framework\base\CApplication.php(184): CWebApplication->processRequest()
#10 C:\wamp\www\qa_survey\index.php(13): CApplication->run()
#11 {main}
REQUEST_URI=/qa_survey/index.php/ukraffles/ExportData/1
HTTP_REFERER=http://localhost/qa_survey/index.php/ukraffles
---
2015/06/18 09:56:42 [error] [exception.PHPExcel_Reader_Exception] exception 'PHPExcel_Reader_Exception' with message 'Could not open C:/wamp/www/qa_survey/public/QAUKRAFFLES.xlsx.xlsx for reading! File does not exist.' in C:\wamp\www\qa_survey\protected\extensions\PHPExcel\Classes\PHPExcel\Reader\Excel2007.php:82
Stack trace:
#0 C:\wamp\www\qa_survey\protected\extensions\PHPExcel\Classes\PHPExcel\IOFactory.php(268): PHPExcel_Reader_Excel2007->canRead('C:/wamp/www/qa_...')
#1 C:\wamp\www\qa_survey\protected\extensions\PHPExcel\Classes\PHPExcel\IOFactory.php(191): PHPExcel_IOFactory::createReaderForFile('C:/wamp/www/qa_...')
#2 C:\wamp\www\qa_survey\protected\controllers\UkrafflesController.php(165): PHPExcel_IOFactory::load('C:/wamp/www/qa_...')
#3 [internal function]: UkrafflesController->actionExportData('1')
#4 C:\wamp\www\yii\framework\web\actions\CAction.php(109): ReflectionMethod->invokeArgs(Object(UkrafflesController), Array)
#5 C:\wamp\www\yii\framework\web\actions\CInlineAction.php(47): CAction->runWithParamsInternal(Object(UkrafflesController), Object(ReflectionMethod), Array)
#6 C:\wamp\www\yii\framework\web\CController.php(308): CInlineAction->runWithParams(Array)
#7 C:\wamp\www\yii\framework\web\filters\CFilterChain.php(133): CController->runAction(Object(CInlineAction))
#8 C:\wamp\www\yii\framework\web\filters\CFilter.php(40): CFilterChain->run()
#9 C:\wamp\www\yii\framework\web\CController.php(1145): CFilter->filter(Object(CFilterChain))
#10 C:\wamp\www\yii\framework\web\filters\CInlineFilter.php(58): CController->filterAccessControl(Object(CFilterChain))
#11 C:\wamp\www\yii\framework\web\filters\CFilterChain.php(130): CInlineFilter->filter(Object(CFilterChain))
#12 C:\wamp\www\yii\framework\web\CController.php(291): CFilterChain->run()
#13 C:\wamp\www\yii\framework\web\CController.php(265): CController->runActionWithFilters(Object(CInlineAction), Array)
#14 C:\wamp\www\yii\framework\web\CWebApplication.php(282): CController->run('ExportData')
#15 C:\wamp\www\yii\framework\web\CWebApplication.php(141): CWebApplication->runController('ukraffles/Expor...')
#16 C:\wamp\www\yii\framework\base\CApplication.php(184): CWebApplication->processRequest()
#17 C:\wamp\www\qa_survey\index.php(13): CApplication->run()
#18 {main}
REQUEST_URI=/qa_survey/index.php/ukraffles/ExportData/1
HTTP_REFERER=http://localhost/qa_survey/index.php/ukraffles
---
